\BOOKMARK [1][-]{section.1}{\376\377\000I\000n\000t\000r\000o\000d\000u\000c\000t\000i\000o\000n}{}% 1
\BOOKMARK [2][-]{subsection.1.1}{\376\377\000P\000r\000o\000j\000e\000c\000t\000\040\000O\000v\000e\000r\000v\000i\000e\000w}{section.1}% 2
\BOOKMARK [2][-]{subsection.1.2}{\376\377\000D\000o\000c\000u\000m\000e\000n\000t\000\040\000P\000u\000r\000p\000o\000s\000e}{section.1}% 3
\BOOKMARK [1][-]{section.2}{\376\377\000P\000r\000o\000j\000e\000c\000t\000\040\000P\000h\000a\000s\000e\000s}{}% 4
\BOOKMARK [2][-]{subsection.2.1}{\376\377\000R\000e\000q\000u\000i\000r\000e\000m\000e\000n\000t\000s\000\040\000G\000a\000t\000h\000e\000r\000i\000n\000g\000\040\000a\000n\000d\000\040\000A\000n\000a\000l\000y\000s\000i\000s}{section.2}% 5
\BOOKMARK [2][-]{subsection.2.2}{\376\377\000S\000y\000s\000t\000e\000m\000\040\000D\000e\000s\000i\000g\000n}{section.2}% 6
\BOOKMARK [2][-]{subsection.2.3}{\376\377\000I\000m\000p\000l\000e\000m\000e\000n\000t\000a\000t\000i\000o\000n}{section.2}% 7
\BOOKMARK [2][-]{subsection.2.4}{\376\377\000T\000e\000s\000t\000i\000n\000g}{section.2}% 8
\BOOKMARK [2][-]{subsection.2.5}{\376\377\000D\000e\000p\000l\000o\000y\000m\000e\000n\000t}{section.2}% 9
\BOOKMARK [2][-]{subsection.2.6}{\376\377\000M\000a\000i\000n\000t\000e\000n\000a\000n\000c\000e\000\040\000a\000n\000d\000\040\000S\000u\000p\000p\000o\000r\000t}{section.2}% 10
\BOOKMARK [1][-]{section.3}{\376\377\000S\000y\000s\000t\000e\000m\000\040\000A\000r\000c\000h\000i\000t\000e\000c\000t\000u\000r\000e\000\040\000a\000n\000d\000\040\000D\000e\000s\000i\000g\000n}{}% 11
\BOOKMARK [2][-]{subsection.3.1}{\376\377\000U\000M\000L\000\040\000U\000s\000e\000\040\000C\000a\000s\000e\000\040\000D\000i\000a\000g\000r\000a\000m\000s}{section.3}% 12
\BOOKMARK [2][-]{subsection.3.2}{\376\377\000U\000s\000e\000r\000\040\000S\000t\000o\000r\000i\000e\000s}{section.3}% 13
\BOOKMARK [2][-]{subsection.3.3}{\376\377\000S\000t\000a\000t\000e\000\040\000M\000a\000c\000h\000i\000n\000e\000\040\000R\000e\000p\000r\000e\000s\000e\000n\000t\000a\000t\000i\000o\000n}{section.3}% 14
\BOOKMARK [2][-]{subsection.3.4}{\376\377\000S\000e\000q\000u\000e\000n\000c\000e\000\040\000D\000i\000a\000g\000r\000a\000m\000s}{section.3}% 15
\BOOKMARK [2][-]{subsection.3.5}{\376\377\000C\000l\000a\000s\000s\000\040\000D\000i\000a\000g\000r\000a\000m\000s}{section.3}% 16
\BOOKMARK [1][-]{section.4}{\376\377\000I\000m\000p\000l\000e\000m\000e\000n\000t\000a\000t\000i\000o\000n\000\040\000D\000e\000t\000a\000i\000l\000s}{}% 17
\BOOKMARK [2][-]{subsection.4.1}{\376\377\000H\000a\000r\000d\000w\000a\000r\000e\000\040\000S\000e\000t\000u\000p}{section.4}% 18
\BOOKMARK [2][-]{subsection.4.2}{\376\377\000S\000o\000f\000t\000w\000a\000r\000e\000\040\000D\000e\000v\000e\000l\000o\000p\000m\000e\000n\000t}{section.4}% 19
\BOOKMARK [1][-]{section.5}{\376\377\000T\000e\000s\000t\000i\000n\000g}{}% 20
\BOOKMARK [2][-]{subsection.5.1}{\376\377\000U\000n\000i\000t\000\040\000T\000e\000s\000t\000i\000n\000g}{section.5}% 21
\BOOKMARK [2][-]{subsection.5.2}{\376\377\000I\000n\000t\000e\000g\000r\000a\000t\000i\000o\000n\000\040\000T\000e\000s\000t\000i\000n\000g}{section.5}% 22
\BOOKMARK [2][-]{subsection.5.3}{\376\377\000S\000y\000s\000t\000e\000m\000\040\000T\000e\000s\000t\000i\000n\000g}{section.5}% 23
\BOOKMARK [1][-]{section.6}{\376\377\000C\000o\000n\000c\000l\000u\000s\000i\000o\000n}{}% 24
\BOOKMARK [1][-]{section.7}{\376\377\000R\000e\000f\000e\000r\000e\000n\000c\000e\000s}{}% 25
